TN:
SF:contracts/libraries/Statistics.sol
FN:8,Statistics.avg
FNDA:13,Statistics.avg
DA:9,13
DA:10,13
DA:11,16
DA:13,13
FN:18,Statistics.variance
FNDA:13,Statistics.variance
DA:19,13
DA:20,13
DA:21,13
DA:22,16
DA:23,16
DA:25,13
FN:31,Statistics.stddev
FNDA:13,Statistics.stddev
DA:32,13
DA:33,13
DA:34,13
FN:40,Statistics.sqrt
FNDA:13,Statistics.sqrt
DA:41,13
DA:42,13
DA:43,13
DA:44,0
DA:45,0
FNF:4
FNH:4
LF:18
LH:16
BRF:0
BRH:0
end_of_record
TN:
SF:contracts/llm/LLMOracleCoordinator.sol
FN:81,LLMOracleCoordinator.onlyRegistered
FNDA:9,LLMOracleCoordinator.onlyRegistered
DA:82,9
BRDA:82,0,0,-
DA:83,0
FN:89,LLMOracleCoordinator.onlyAtStatus
FNDA:9,LLMOracleCoordinator.onlyAtStatus
DA:90,9
BRDA:90,1,0,-
DA:91,0
FN:103,LLMOracleCoordinator.
FNDA:39,LLMOracleCoordinator.
DA:104,39
FN:113,LLMOracleCoordinator._authorizeUpgrade
FNDA:0,LLMOracleCoordinator._authorizeUpgrade
FN:124,LLMOracleCoordinator.initialize
FNDA:39,LLMOracleCoordinator.initialize
DA:131,39
DA:132,39
DA:133,39
DA:134,39
FN:149,LLMOracleCoordinator.request
FNDA:8,LLMOracleCoordinator.request
DA:155,8
DA:158,8
DA:159,8
BRDA:159,2,0,-
DA:160,0
DA:164,8
DA:165,8
BRDA:165,3,0,-
DA:166,0
DA:170,8
DA:173,8
DA:175,8
DA:177,8
DA:180,8
DA:191,8
DA:193,8
FN:206,LLMOracleCoordinator.respond
FNDA:15,LLMOracleCoordinator.respond
DA:211,11
DA:214,11
DA:215,3
BRDA:215,4,0,1
DA:216,1
DA:221,10
DA:224,10
DA:226,10
DA:229,10
DA:232,10
BRDA:232,5,0,2
DA:233,2
DA:237,10
DA:238,8
BRDA:238,6,0,8
DA:239,8
BRDA:239,7,0,1
BRDA:239,7,1,7
DA:241,1
DA:242,1
DA:245,7
DA:246,7
FN:259,LLMOracleCoordinator.validate
FNDA:9,LLMOracleCoordinator.validate
DA:264,9
DA:267,9
BRDA:267,8,0,-
DA:268,0
DA:272,9
DA:273,12
BRDA:273,9,0,1
DA:274,1
DA:279,8
DA:280,2
BRDA:280,10,0,1
DA:281,1
DA:286,7
DA:289,7
DA:294,7
DA:297,7
DA:298,6
BRDA:298,11,0,6
DA:299,6
DA:300,6
DA:303,6
FN:312,LLMOracleCoordinator.assertValidNonce
FNDA:17,LLMOracleCoordinator.assertValidNonce
DA:313,17
DA:314,17
BRDA:314,12,0,-
DA:315,0
FN:322,LLMOracleCoordinator.finalizeValidation
FNDA:6,LLMOracleCoordinator.finalizeValidation
DA:323,6
DA:326,6
DA:328,7
DA:329,7
DA:330,9
DA:334,7
DA:338,7
DA:339,7
DA:340,7
DA:341,9
DA:342,9
BRDA:342,13,0,9
DA:343,9
DA:344,9
DA:347,9
DA:352,7
DA:353,7
DA:358,6
DA:359,6
DA:360,7
DA:364,6
DA:365,6
DA:367,7
BRDA:367,14,0,7
DA:368,7
FN:374,LLMOracleCoordinator.withdrawPlatformFees
FNDA:0,LLMOracleCoordinator.withdrawPlatformFees
DA:375,0
FN:381,LLMOracleCoordinator.getResponses
FNDA:0,LLMOracleCoordinator.getResponses
DA:382,0
FN:388,LLMOracleCoordinator.getValidations
FNDA:0,LLMOracleCoordinator.getValidations
DA:389,0
FN:395,LLMOracleCoordinator._increaseAllowance
FNDA:18,LLMOracleCoordinator._increaseAllowance
DA:396,18
FN:403,LLMOracleCoordinator.getBestResponse
FNDA:5,LLMOracleCoordinator.getBestResponse
DA:404,5
DA:407,5
BRDA:407,15,0,-
DA:408,0
DA:412,5
DA:413,5
DA:414,5
DA:415,0
BRDA:415,16,0,-
DA:416,0
DA:417,0
DA:421,5
FNF:15
FNH:11
LF:97
LH:84
BRF:18
BRH:10
end_of_record
TN:
SF:contracts/llm/LLMOracleManager.sol
FN:47,LLMOracleManager.__LLMOracleManager_init
FNDA:39,LLMOracleManager.__LLMOracleManager_init
DA:51,39
DA:52,39
FN:55,LLMOracleManager.__LLMOracleManager_init_unchained
FNDA:39,LLMOracleManager.__LLMOracleManager_init_unchained
DA:59,39
DA:60,39
DA:62,39
DA:63,39
DA:65,39
FN:73,LLMOracleManager.onlyValidParameters
FNDA:8,LLMOracleManager.onlyValidParameters
DA:75,8
DA:76,0
BRDA:76,0,0,-
DA:77,0
DA:83,8
DA:84,8
DA:85,0
BRDA:85,1,0,-
DA:86,0
DA:92,8
DA:93,8
DA:94,0
BRDA:94,2,0,-
DA:95,0
FN:107,LLMOracleManager.setFees
FNDA:0,LLMOracleManager.setFees
DA:108,39
DA:109,39
DA:110,39
FN:118,LLMOracleManager.getFee
FNDA:4,LLMOracleManager.getFee
DA:123,12
DA:124,12
DA:125,12
DA:126,12
FN:134,LLMOracleManager.setParameters
FNDA:0,LLMOracleManager.setParameters
DA:138,0
DA:139,0
FN:146,LLMOracleManager.setDeviationFactors
FNDA:0,LLMOracleManager.setDeviationFactors
DA:150,0
DA:151,0
FNF:7
FNH:4
LF:29
LH:19
BRF:3
BRH:0
end_of_record
TN:
SF:contracts/llm/LLMOracleRegistry.sol
FN:64,LLMOracleRegistry.
FNDA:47,LLMOracleRegistry.
DA:65,47
FN:74,LLMOracleRegistry._authorizeUpgrade
FNDA:0,LLMOracleRegistry._authorizeUpgrade
FN:77,LLMOracleRegistry.initialize
FNDA:47,LLMOracleRegistry.initialize
DA:81,47
DA:82,47
DA:83,47
DA:84,47
FN:94,LLMOracleRegistry.register
FNDA:106,LLMOracleRegistry.register
DA:95,106
DA:98,106
BRDA:98,0,0,1
DA:99,1
DA:103,105
BRDA:103,1,0,1
DA:104,1
DA:106,104
DA:109,104
DA:110,104
FN:117,LLMOracleRegistry.unregister
FNDA:5,LLMOracleRegistry.unregister
DA:118,5
DA:121,5
BRDA:121,2,0,1
DA:122,1
DA:126,4
DA:127,4
DA:130,4
FN:135,LLMOracleRegistry.setStakeAmounts
FNDA:0,LLMOracleRegistry.setStakeAmounts
DA:136,0
DA:137,0
FN:141,LLMOracleRegistry.getStakeAmount
FNDA:0,LLMOracleRegistry.getStakeAmount
DA:142,106
FN:146,LLMOracleRegistry.isRegistered
FNDA:130,LLMOracleRegistry.isRegistered
DA:147,236
FNF:8
FNH:5
LF:23
LH:21
BRF:3
BRH:3
end_of_record
TN:
SF:contracts/swan/BuyerAgent.sol
FN:13,BuyerAgentFactory.deploy
FNDA:62,BuyerAgentFactory.deploy
DA:20,62
FN:106,BuyerAgent.onlyAuthorized
FNDA:1,BuyerAgent.onlyAuthorized
DA:108,1
BRDA:108,0,0,-
DA:109,0
FN:121,BuyerAgent.
FNDA:62,BuyerAgent.
DA:129,62
BRDA:129,1,0,1
DA:130,1
DA:132,61
DA:134,61
DA:135,61
DA:136,61
DA:137,61
DA:138,61
DA:139,61
DA:143,61
DA:144,61
FN:149,BuyerAgent.onERC721Received
FNDA:4,BuyerAgent.onERC721Received
DA:150,4
FN:159,BuyerAgent.minFundAmount
FNDA:0,BuyerAgent.minFundAmount
DA:161,1
FN:166,BuyerAgent.oracleResult
FNDA:0,BuyerAgent.oracleResult
DA:168,5
BRDA:168,2,0,-
DA:169,0
DA:172,5
FN:182,BuyerAgent.oracleStateRequest
FNDA:1,BuyerAgent.oracleStateRequest
DA:184,1
DA:186,1
FN:197,BuyerAgent.oraclePurchaseRequest
FNDA:4,BuyerAgent.oraclePurchaseRequest
DA:199,4
DA:201,4
FN:208,BuyerAgent.updateState
FNDA:1,BuyerAgent.updateState
DA:210,1
DA:213,1
DA:214,0
BRDA:214,3,0,-
DA:215,0
DA:219,1
DA:220,1
DA:223,1
FN:230,BuyerAgent.purchase
FNDA:6,BuyerAgent.purchase
DA:232,5
DA:235,4
DA:236,0
BRDA:236,4,0,-
DA:237,0
DA:241,4
DA:242,4
DA:245,4
DA:246,5
DA:249,5
DA:250,5
DA:251,5
BRDA:251,5,0,1
DA:252,1
DA:256,4
DA:259,4
DA:263,3
FN:270,BuyerAgent.withdraw
FNDA:3,BuyerAgent.withdraw
DA:271,2
DA:275,2
BRDA:275,6,0,1
DA:278,1
BRDA:278,7,0,1
DA:279,1
DA:284,1
FN:289,BuyerAgent.treasury
FNDA:1,BuyerAgent.treasury
DA:290,2
FN:295,BuyerAgent._checkRoundPhase
FNDA:18,BuyerAgent._checkRoundPhase
DA:296,18
DA:297,18
BRDA:297,8,0,3
DA:298,3
DA:301,15
FN:308,BuyerAgent._computeCycleTime
FNDA:84,BuyerAgent._computeCycleTime
DA:309,84
FN:316,BuyerAgent._computePhase
FNDA:84,BuyerAgent._computePhase
DA:321,84
DA:322,84
DA:323,84
DA:328,84
BRDA:328,9,0,49
BRDA:328,9,1,13
DA:329,49
DA:330,35
BRDA:330,10,0,22
BRDA:330,10,1,13
DA:331,22
DA:333,13
FN:342,BuyerAgent.getRoundPhase
FNDA:58,BuyerAgent.getRoundPhase
DA:343,78
DA:345,78
BRDA:345,11,0,73
BRDA:345,11,1,5
DA:348,73
DA:351,5
DA:355,5
DA:356,5
DA:360,6
DA:363,1
DA:364,1
DA:367,1
DA:369,1
DA:375,5
DA:376,5
DA:378,5
DA:379,5
FN:387,BuyerAgent.setFeeRoyalty
FNDA:4,BuyerAgent.setFeeRoyalty
DA:388,4
DA:390,3
BRDA:390,12,0,2
DA:391,2
DA:393,1
FN:400,BuyerAgent.setAmountPerRound
FNDA:3,BuyerAgent.setAmountPerRound
DA:401,3
DA:403,2
FNF:18
FNH:16
LF:85
LH:79
BRF:16
BRH:12
end_of_record
TN:
SF:contracts/swan/Swan.sol
FN:108,Swan.
FNDA:34,Swan.
DA:109,34
FN:114,Swan.onERC721Received
FNDA:4,Swan.onERC721Received
DA:115,4
FN:125,Swan._authorizeUpgrade
FNDA:0,Swan._authorizeUpgrade
FN:130,Swan.initialize
FNDA:34,Swan.initialize
DA:139,34
DA:141,34
BRDA:141,0,0,-
BRDA:141,0,1,34
DA:144,34
DA:145,34
DA:148,34
DA:149,34
DA:150,34
DA:151,34
DA:154,34
DA:156,34
FN:169,Swan.list
FNDA:38,Swan.list
DA:172,38
DA:173,38
DA:176,38
BRDA:176,1,0,1
DA:177,1
DA:180,37
BRDA:180,2,0,1
DA:181,1
DA:184,36
BRDA:184,3,0,-
DA:185,0
DA:189,36
DA:190,36
DA:201,36
DA:204,36
DA:206,36
FN:213,Swan.relist
FNDA:6,Swan.relist
DA:214,6
DA:217,6
BRDA:217,4,0,1
DA:218,1
DA:222,5
BRDA:222,5,0,1
DA:223,1
DA:233,4
DA:234,4
BRDA:234,6,0,1
DA:235,1
DA:239,3
DA:240,3
DA:243,3
BRDA:243,7,0,2
DA:244,2
DA:248,1
DA:249,1
BRDA:249,8,0,-
DA:250,0
DA:254,1
DA:265,1
DA:268,1
DA:270,1
FN:274,Swan.transferRoyalties
FNDA:37,Swan.transferRoyalties
DA:276,37
DA:277,37
DA:281,37
DA:284,37
DA:287,37
FN:292,Swan.purchase
FNDA:4,Swan.purchase
DA:293,4
DA:296,4
BRDA:296,9,0,-
DA:297,0
DA:301,4
BRDA:301,10,0,-
DA:302,0
DA:306,4
DA:310,4
DA:311,4
DA:314,4
DA:315,4
DA:317,4
FN:324,Swan.getListingPrice
FNDA:5,Swan.getListingPrice
DA:325,5
FN:330,Swan.getListedAssets
FNDA:22,Swan.getListedAssets
DA:331,22
FN:335,Swan.getListing
FNDA:2,Swan.getListing
DA:336,2
FN:342,Swan.createBuyer
FNDA:62,Swan.createBuyer
DA:348,62
DA:349,61
DA:351,61
FNF:12
FNH:11
LF:66
LH:62
BRF:12
BRH:7
end_of_record
TN:
SF:contracts/swan/SwanAsset.sol
FN:11,SwanAssetFactory.deploy
FNDA:36,SwanAssetFactory.deploy
DA:15,36
FN:27,SwanAsset.
FNDA:36,SwanAsset.
DA:34,36
DA:35,36
DA:38,36
DA:41,36
FNF:2
FNH:2
LF:5
LH:5
BRF:0
BRH:0
end_of_record
TN:
SF:contracts/swan/SwanManager.sol
FN:61,SwanManager.
FNDA:34,SwanManager.
DA:62,34
FN:65,SwanManager.__SwanManager_init
FNDA:0,SwanManager.__SwanManager_init
DA:66,34
FN:74,SwanManager.getMarketParameters
FNDA:141,SwanManager.getMarketParameters
DA:75,141
FN:79,SwanManager.getOracleParameters
FNDA:6,SwanManager.getOracleParameters
DA:80,6
FN:86,SwanManager.setMarketParameters
FNDA:3,SwanManager.setMarketParameters
DA:87,3
BRDA:87,0,0,-
BRDA:87,0,1,3
DA:88,3
DA:89,3
FN:95,SwanManager.setOracleParameters
FNDA:1,SwanManager.setOracleParameters
DA:96,1
FN:101,SwanManager.getOracleFee
FNDA:1,SwanManager.getOracleFee
DA:102,1
DA:103,1
FN:110,SwanManager.setFactories
FNDA:1,SwanManager.setFactories
DA:111,1
DA:112,1
FN:123,SwanManager.addOperator
FNDA:0,SwanManager.addOperator
DA:124,0
FN:131,SwanManager.removeOperator
FNDA:0,SwanManager.removeOperator
DA:132,0
FN:137,SwanManager.getCurrentMarketParameters
FNDA:8,SwanManager.getCurrentMarketParameters
DA:138,120
FNF:11
FNH:8
LF:15
LH:13
BRF:2
BRH:1
end_of_record
TN:
SF:script/Deploy.s.sol
FN:23,Deploy.run
FNDA:1,Deploy.run
DA:24,1
DA:26,1
DA:27,1
DA:28,1
DA:29,1
DA:30,1
FN:33,Deploy.deployLLM
FNDA:1,Deploy.deployLLM
DA:35,1
DA:38,1
DA:41,1
DA:47,1
DA:50,1
DA:58,1
FN:61,Deploy.deployFactories
FNDA:1,Deploy.deployFactories
DA:62,1
DA:63,1
FN:66,Deploy.deploySwan
FNDA:1,Deploy.deploySwan
DA:68,1
DA:75,1
DA:78,1
DA:81,1
DA:103,1
FNF:4
FNH:4
LF:19
LH:19
BRF:0
BRH:0
end_of_record
TN:
SF:script/HelperConfig.s.sol
FN:32,HelperConfig.
FNDA:1,HelperConfig.
DA:34,1
DA:35,1
DA:36,1
DA:38,1
DA:49,1
BRDA:49,0,0,-
DA:51,0
DA:54,1
FNF:1
FNH:1
LF:7
LH:6
BRF:1
BRH:0
end_of_record
