TN:
SF:src/BuyerAgent.sol
DA:12,9199
FN:12,BuyerAgentFactory.deploy
FNDA:9199,BuyerAgentFactory.deploy
DA:19,9199
DA:121,1
FN:121,BuyerAgent.onlyAuthorized
FNDA:1,BuyerAgent.onlyAuthorized
DA:123,1
BRDA:123,0,0,-
DA:124,0
DA:136,9199
FN:136,BuyerAgent.constructor
FNDA:9199,BuyerAgent.constructor
DA:144,9193
DA:146,9193
BRDA:146,1,0,161
DA:147,161
DA:150,1594
DA:151,1594
DA:152,1594
DA:153,1594
DA:154,1594
DA:155,1594
DA:159,1594
DA:160,1594
DA:169,0
FN:169,BuyerAgent.minFundAmount
FNDA:0,BuyerAgent.minFundAmount
DA:170,1
DA:175,0
FN:175,BuyerAgent.oracleResult
FNDA:0,BuyerAgent.oracleResult
DA:177,5
BRDA:177,2,0,-
DA:178,0
DA:181,5
DA:191,1
FN:191,BuyerAgent.oracleStateRequest
FNDA:1,BuyerAgent.oracleStateRequest
DA:193,1
DA:195,1
DA:198,1
DA:208,4
FN:208,BuyerAgent.oraclePurchaseRequest
FNDA:4,BuyerAgent.oraclePurchaseRequest
DA:210,4
DA:212,4
DA:215,4
DA:221,1
FN:221,BuyerAgent.updateState
FNDA:1,BuyerAgent.updateState
DA:223,1
DA:226,1
DA:227,0
BRDA:227,3,0,-
DA:228,0
DA:232,1
DA:233,1
DA:236,1
DA:238,1
DA:245,6
FN:245,BuyerAgent.purchase
FNDA:6,BuyerAgent.purchase
DA:247,5
DA:250,4
DA:251,0
BRDA:251,4,0,-
DA:252,0
DA:256,4
DA:257,4
DA:260,4
DA:261,5
DA:264,5
DA:265,5
DA:266,5
BRDA:266,5,0,1
DA:267,1
DA:271,4
DA:274,4
DA:278,3
DA:280,3
DA:287,3
FN:287,BuyerAgent.withdraw
FNDA:3,BuyerAgent.withdraw
DA:288,2
DA:292,2
BRDA:292,6,0,1
DA:295,1
BRDA:295,7,0,1
DA:296,1
DA:301,1
DA:306,1
FN:306,BuyerAgent.treasury
FNDA:1,BuyerAgent.treasury
DA:307,2
DA:312,18
FN:312,BuyerAgent._checkRoundPhase
FNDA:18,BuyerAgent._checkRoundPhase
DA:313,18
DA:314,18
BRDA:314,8,0,3
DA:315,3
DA:318,15
DA:325,3179
FN:325,BuyerAgent._computeCycleTime
FNDA:3179,BuyerAgent._computeCycleTime
DA:326,3179
DA:333,3179
FN:333,BuyerAgent._computePhase
FNDA:3179,BuyerAgent._computePhase
DA:338,3179
DA:339,3179
DA:340,3179
DA:345,3179
BRDA:345,9,0,1596
BRDA:345,9,1,23
DA:346,1596
DA:347,1583
BRDA:347,10,0,1560
BRDA:347,10,1,23
DA:348,1560
DA:350,23
DA:359,1879
FN:359,BuyerAgent.getRoundPhase
FNDA:1879,BuyerAgent.getRoundPhase
DA:360,1899
DA:362,1899
BRDA:362,11,0,875
BRDA:362,11,1,1024
DA:365,875
DA:368,1024
DA:372,1024
DA:373,1024
DA:377,1280
DA:380,256
DA:381,256
DA:384,256
DA:385,256
DA:391,1024
DA:392,1024
DA:394,1024
DA:396,1024
DA:404,4
FN:404,BuyerAgent.setFeeRoyalty
FNDA:4,BuyerAgent.setFeeRoyalty
DA:405,4
DA:407,3
BRDA:407,12,0,2
DA:408,2
DA:410,1
DA:417,3
FN:417,BuyerAgent.setAmountPerRound
FNDA:3,BuyerAgent.setAmountPerRound
DA:418,3
DA:420,2
FNF:17
FNH:15
LF:105
LH:97
BRF:16
BRH:12
end_of_record
TN:
SF:src/Swan.sol
DA:116,41
FN:116,Swan.constructor
FNDA:41,Swan.constructor
DA:117,41
DA:127,0
FN:127,Swan._authorizeUpgrade
FNDA:0,Swan._authorizeUpgrade
DA:132,7843
FN:132,Swan.initialize
FNDA:7843,Swan.initialize
DA:141,41
DA:143,41
BRDA:143,0,0,-
BRDA:143,0,1,41
DA:146,41
DA:147,41
DA:150,41
DA:151,41
DA:152,41
DA:153,41
DA:156,41
DA:158,41
DA:164,7950
FN:164,Swan.transferOwnership
FNDA:7950,Swan.transferOwnership
DA:165,258
BRDA:165,1,0,1
DA:166,1
DA:169,257
DA:172,257
DA:175,257
DA:185,9411
FN:185,Swan.createBuyer
FNDA:9411,Swan.createBuyer
DA:191,9411
DA:192,1594
DA:194,1594
DA:203,8074
FN:203,Swan.list
FNDA:8074,Swan.list
DA:206,8074
DA:207,8074
DA:210,306
BRDA:210,2,0,1
DA:211,1
DA:214,305
BRDA:214,3,0,1
DA:215,1
DA:218,304
BRDA:218,4,0,12
DA:219,12
DA:223,292
DA:224,292
DA:235,292
DA:238,292
DA:240,292
DA:247,7828
FN:247,Swan.relist
FNDA:7828,Swan.relist
DA:248,7828
DA:251,7828
BRDA:251,5,0,7822
DA:252,7822
DA:256,6
BRDA:256,6,0,1
DA:257,1
DA:267,5
DA:268,5
BRDA:268,7,0,1
DA:269,1
DA:273,4
BRDA:273,8,0,1
DA:274,1
DA:278,3
DA:279,3
DA:282,3
BRDA:282,9,0,2
DA:283,2
DA:287,1
DA:288,1
BRDA:288,10,0,-
DA:289,0
DA:293,1
DA:304,1
DA:307,1
DA:309,1
DA:313,293
FN:313,Swan.transferRoyalties
FNDA:293,Swan.transferRoyalties
DA:315,293
DA:316,293
DA:317,293
DA:321,293
DA:324,293
DA:327,293
DA:332,7831
FN:332,Swan.purchase
FNDA:7831,Swan.purchase
DA:333,7831
DA:336,7831
BRDA:336,11,0,7827
DA:337,7827
DA:341,4
BRDA:341,12,0,-
DA:342,0
DA:346,4
DA:350,4
DA:351,4
DA:354,4
DA:355,4
DA:357,4
DA:364,7934
FN:364,Swan.setFactories
FNDA:7934,Swan.setFactories
DA:365,1
DA:366,1
DA:370,5
FN:370,Swan.getListingPrice
FNDA:5,Swan.getListingPrice
DA:371,5
DA:375,278
FN:375,Swan.getListedAssets
FNDA:278,Swan.getListedAssets
DA:376,278
DA:380,294
FN:380,Swan.getListing
FNDA:294,Swan.getListing
DA:381,294
FNF:13
FNH:12
LF:88
LH:85
BRF:14
BRH:11
end_of_record
TN:
SF:src/SwanAsset.sol
DA:11,8207
FN:11,SwanAssetFactory.deploy
FNDA:8207,SwanAssetFactory.deploy
DA:15,8207
DA:27,8207
FN:27,SwanAsset.constructor
FNDA:8207,SwanAsset.constructor
DA:34,8203
DA:35,8203
DA:38,8203
DA:41,8185
FNF:2
FNH:2
LF:7
LH:7
BRF:0
BRH:0
end_of_record
TN:
SF:src/SwanManager.sol
DA:60,41
FN:60,SwanManager.constructor
FNDA:41,SwanManager.constructor
DA:61,41
DA:69,4005
FN:69,SwanManager.getMarketParameters
FNDA:4005,SwanManager.getMarketParameters
DA:70,4005
DA:74,6
FN:74,SwanManager.getOracleParameters
FNDA:6,SwanManager.getOracleParameters
DA:75,6
DA:81,8272
FN:81,SwanManager.setMarketParameters
FNDA:8272,SwanManager.setMarketParameters
DA:82,513
BRDA:82,0,0,-
BRDA:82,0,1,513
DA:83,513
DA:84,513
DA:90,7870
FN:90,SwanManager.setOracleParameters
FNDA:7870,SwanManager.setOracleParameters
DA:91,1
DA:96,1
FN:96,SwanManager.getOracleFee
FNDA:1,SwanManager.getOracleFee
DA:97,1
DA:98,1
DA:109,7738
FN:109,SwanManager.addOperator
FNDA:7738,SwanManager.addOperator
DA:110,0
DA:117,7678
FN:117,SwanManager.removeOperator
FNDA:7678,SwanManager.removeOperator
DA:118,0
DA:123,3392
FN:123,SwanManager.getCurrentMarketParameters
FNDA:3392,SwanManager.getCurrentMarketParameters
DA:124,4300
FNF:9
FNH:9
LF:21
LH:19
BRF:2
BRH:1
end_of_record
